[11992][2016-09-05 12:18:02,219](INFO)com.sys.startup : 创建zhaopin cookie file
[11992][2016-09-05 12:18:02,220](INFO)com.sys.startup : 创建zhaopin cookie file成功
[11992][2016-09-05 12:18:02,220](INFO)com.sys.startup : 创建51job cookie file
[11992][2016-09-05 12:18:02,220](INFO)com.sys.startup : 创建51job cookie file成功
[11992][2016-09-05 12:18:02,220](INFO)com.sys.startup : 创建liepin cookie file
[11992][2016-09-05 12:18:02,220](INFO)com.sys.startup : 创建lie cookie file成功
[11052][2016-09-05 12:21:00,667](INFO)com.sys.startup : 创建zhaopin cookie file
[11052][2016-09-05 12:21:00,668](INFO)com.sys.startup : 创建51job cookie file
[11052][2016-09-05 12:21:00,668](INFO)com.sys.startup : 创建liepin cookie file
[1992][2016-09-05 12:28:58,956](INFO)com.sys.startup : 创建zhaopin cookie file
[1992][2016-09-05 12:28:58,956](INFO)com.sys.startup : 创建51job cookie file
[1992][2016-09-05 12:28:58,957](INFO)com.sys.startup : 创建liepin cookie file
[11408][2016-09-05 13:20:15,607](INFO)com.sys.startup : 创建zhaopin cookie file
[11408][2016-09-05 13:20:15,607](INFO)com.sys.startup : 创建51job cookie file
[11408][2016-09-05 13:20:15,608](INFO)com.sys.startup : 创建liepin cookie file
[9152][2016-09-05 15:39:25,562](INFO)com.sys.startup : 创建zhaopin cookie file
[9152][2016-09-05 15:39:25,562](INFO)com.sys.startup : 创建51job cookie file
[9152][2016-09-05 15:39:25,562](INFO)com.sys.startup : 创建liepin cookie file
[1948][2016-09-05 15:39:38,785](INFO)com.sys.startup : 创建zhaopin cookie file
[1948][2016-09-05 15:39:38,785](INFO)com.sys.startup : 创建51job cookie file
[1948][2016-09-05 15:39:38,786](INFO)com.sys.startup : 创建liepin cookie file
